<html>
<head>
<title>TestNG:  Positive Login Tests F</title>
<link href="../testng.css" rel="stylesheet" type="text/css" />
<link href="../my-testng.css" rel="stylesheet" type="text/css" />

<style type="text/css">
.log { display: none;} 
.stack-trace { display: none;} 
</style>
<script type="text/javascript">
<!--
function flip(e) {
  current = e.style.display;
  if (current == 'block') {
    e.style.display = 'none';
    return 0;
  }
  else {
    e.style.display = 'block';
    return 1;
  }
}

function toggleBox(szDivId, elem, msg1, msg2)
{
  var res = -1;  if (document.getElementById) {
    res = flip(document.getElementById(szDivId));
  }
  else if (document.all) {
    // this is the way old msie versions work
    res = flip(document.all[szDivId]);
  }
  if(elem) {
    if(res == 0) elem.innerHTML = msg1; else elem.innerHTML = msg2;
  }

}

function toggleAllBoxes() {
  if (document.getElementsByTagName) {
    d = document.getElementsByTagName('div');
    for (i = 0; i < d.length; i++) {
      if (d[i].className == 'log') {
        flip(d[i]);
      }
    }
  }
}

// -->
</script>

</head>
<body>
<h2 align='center'>Positive Login Tests F</h2><table border='1' align="center">
<tr>
<td>Tests passed/Failed/Skipped:</td><td>1/0/0</td>
</tr><tr>
<td>Started on:</td><td>Mon Oct 26 17:39:38 CET 2020</td>
</tr>
<tr><td>Total time:</td><td>15 seconds (15098 ms)</td>
</tr><tr>
<td>Included groups:</td><td></td>
</tr><tr>
<td>Excluded groups:</td><td></td>
</tr>
</table><p/>
<small><i>(Hover the method name to see the test class name)</i></small><p/>
<table width='100%' border='1' class='invocation-passed'>
<tr><td colspan='4' align='center'><b>PASSED TESTS</b></td></tr>
<tr><td><b>Test method</b></td>
<td width="30%"><b>Exception</b></td>
<td width="10%"><b>Time (seconds)</b></td>
<td><b>Instance</b></td>
</tr>
<tr>
<td title='tests.NewUserTests.asNewUserLoginUsingValidLoginAndPassword()'><b>asNewUserLoginUsingValidLoginAndPassword</b><br>Test class: tests.NewUserTests</td>
<td></td>
<td>9</td>
<td>tests.NewUserTests@7e736350</td></tr>
<tr>
<td title='tests.NewUserTests.asNewUserLoginUsingValidLoginAndPassword()'><b>asNewUserLoginUsingValidLoginAndPassword</b><br>Test class: tests.NewUserTests</td>
<td></td>
<td>8</td>
<td>tests.NewUserTests@69fa8e76</td></tr>
<tr>
<td title='tests.PositiveLoginTests.asUserLoginUsingValidLoginAndPassword()'><b>asUserLoginUsingValidLoginAndPassword</b><br>Test class: tests.PositiveLoginTests</td>
<td></td>
<td>6</td>
<td>tests.PositiveLoginTests@7ee3d262</td></tr>
<tr>
<td title='tests.PositiveLoginTests.asUserLoginUsingValidLoginAndPassword()'><b>asUserLoginUsingValidLoginAndPassword</b><br>Test class: tests.PositiveLoginTests</td>
<td></td>
<td>5</td>
<td>tests.PositiveLoginTests@7fb33394</td></tr>
<tr>
<td title='tests.FailedLoginTests.asUserTryToLogInWithCorrectLoginAndEmptyPasswordField()'><b>asUserTryToLogInWithCorrectLoginAndEmptyPasswordField</b><br>Test class: tests.FailedLoginTests</td>
<td></td>
<td>2</td>
<td>tests.FailedLoginTests@1816e24a</td></tr>
<tr>
<td title='tests.FailedLoginTests.asUserTryToLogInWithCorrectLoginAndEmptyPasswordField()'><b>asUserTryToLogInWithCorrectLoginAndEmptyPasswordField</b><br>Test class: tests.FailedLoginTests</td>
<td></td>
<td>3</td>
<td>tests.FailedLoginTests@3402b4c9</td></tr>
<tr>
<td title='tests.FailedLoginTests.asUserTryToLogInWithCorrectLoginAndWrongPassword()'><b>asUserTryToLogInWithCorrectLoginAndWrongPassword</b><br>Test class: tests.FailedLoginTests</td>
<td></td>
<td>3</td>
<td>tests.FailedLoginTests@1816e24a</td></tr>
<tr>
<td title='tests.FailedLoginTests.asUserTryToLogInWithCorrectLoginAndWrongPassword()'><b>asUserTryToLogInWithCorrectLoginAndWrongPassword</b><br>Test class: tests.FailedLoginTests</td>
<td></td>
<td>2</td>
<td>tests.FailedLoginTests@3402b4c9</td></tr>
<tr>
<td title='tests.FailedLoginTests.asUserTryToLogInWithEmptyEmailFieldAndEmptyPasswordField()'><b>asUserTryToLogInWithEmptyEmailFieldAndEmptyPasswordField</b><br>Test class: tests.FailedLoginTests</td>
<td></td>
<td>3</td>
<td>tests.FailedLoginTests@1816e24a</td></tr>
<tr>
<td title='tests.FailedLoginTests.asUserTryToLogInWithEmptyEmailFieldAndEmptyPasswordField()'><b>asUserTryToLogInWithEmptyEmailFieldAndEmptyPasswordField</b><br>Test class: tests.FailedLoginTests</td>
<td></td>
<td>2</td>
<td>tests.FailedLoginTests@3402b4c9</td></tr>
<tr>
<td title='tests.FailedLoginTests.asUserTryToLogInWithEmptyEmailFieldAndPassword()'><b>asUserTryToLogInWithEmptyEmailFieldAndPassword</b><br>Test class: tests.FailedLoginTests</td>
<td></td>
<td>3</td>
<td>tests.FailedLoginTests@1816e24a</td></tr>
<tr>
<td title='tests.FailedLoginTests.asUserTryToLogInWithEmptyEmailFieldAndPassword()'><b>asUserTryToLogInWithEmptyEmailFieldAndPassword</b><br>Test class: tests.FailedLoginTests</td>
<td></td>
<td>3</td>
<td>tests.FailedLoginTests@3402b4c9</td></tr>
<tr>
<td title='tests.FailedLoginTests.asUserTryToLogInWithIncorrectLoginAndPassword()'><b>asUserTryToLogInWithIncorrectLoginAndPassword</b><br>Test class: tests.FailedLoginTests</td>
<td></td>
<td>2</td>
<td>tests.FailedLoginTests@1816e24a</td></tr>
<tr>
<td title='tests.FailedLoginTests.asUserTryToLogInWithIncorrectLoginAndPassword()'><b>asUserTryToLogInWithIncorrectLoginAndPassword</b><br>Test class: tests.FailedLoginTests</td>
<td></td>
<td>3</td>
<td>tests.FailedLoginTests@3402b4c9</td></tr>
<tr>
<td title='tests.FailedLoginTests.asUserTryToLogInWithInvalidEmailAndPassword()'><b>asUserTryToLogInWithInvalidEmailAndPassword</b><br>Test class: tests.FailedLoginTests</td>
<td></td>
<td>2</td>
<td>tests.FailedLoginTests@1816e24a</td></tr>
<tr>
<td title='tests.FailedLoginTests.asUserTryToLogInWithInvalidEmailAndPassword()'><b>asUserTryToLogInWithInvalidEmailAndPassword</b><br>Test class: tests.FailedLoginTests</td>
<td></td>
<td>3</td>
<td>tests.FailedLoginTests@3402b4c9</td></tr>
</table><p>
<table width='100%' border='1' class='invocation-skipped'>
<tr><td colspan='4' align='center'><b>SKIPPED TESTS</b></td></tr>
<tr><td><b>Test method</b></td>
<td width="30%"><b>Exception</b></td>
<td width="10%"><b>Time (seconds)</b></td>
<td><b>Instance</b></td>
</tr>
<tr>
<td title='tests.NewUserTests.asNewUserLoginUsingValidLoginAndPassword()'><b>asNewUserLoginUsingValidLoginAndPassword</b><br>Test class: tests.NewUserTests</td>
<td><div><pre>org.openqa.selenium.NoSuchElementException: Cannot locate option with value: 5
For documentation on this error, please visit: https://www.seleniumhq.org/exceptions/no_such_element.html
Build info: version: &apos;3.141.59&apos;, revision: &apos;e82be7d358&apos;, time: &apos;2018-11-14T08:17:03&apos;
System info: host: &apos;MANIEK&apos;, ip: &apos;192.168.0.234&apos;, os.name: &apos;Windows 10&apos;, os.arch: &apos;amd64&apos;, os.version: &apos;10.0&apos;, java.version: &apos;1.8.0_191&apos;
Driver info: driver.version: unknown
	at org.openqa.selenium.support.ui.Select.findOptionsByValue(Select.java:283)
	at org.openqa.selenium.support.ui.Select.selectByValue(Select.java:186)
	at page.NewUserPage.chooseState(NewUserPage.java:128)
	at tests.NewUserTests.asNewUserLoginUsingValidLoginAndPassword(NewUserTests.java:31)
	at java.util.ArrayList.forEach(ArrayList.java:1257)
	at java.util.concurrent.FutureTask.run(FutureTask.java:266)
	at java.util.concurrent.ThreadPoolExecutor.runWorker(ThreadPoolExecutor.java:1149)
	at java.util.concurrent.ThreadPoolExecutor$Worker.run(ThreadPoolExecutor.java:624)
	at java.lang.Thread.run(Thread.java:748)
... Removed 18 stack frames</pre></div><a href='#' onClick='toggleBox("stack-trace2077351818", this, "Click to show all stack frames", "Click to hide stack frames")'>Click to show all stack frames</a>
<div class='stack-trace' id='stack-trace2077351818'><pre>org.openqa.selenium.NoSuchElementException: Cannot locate option with value: 5
For documentation on this error, please visit: https://www.seleniumhq.org/exceptions/no_such_element.html
Build info: version: &apos;3.141.59&apos;, revision: &apos;e82be7d358&apos;, time: &apos;2018-11-14T08:17:03&apos;
System info: host: &apos;MANIEK&apos;, ip: &apos;192.168.0.234&apos;, os.name: &apos;Windows 10&apos;, os.arch: &apos;amd64&apos;, os.version: &apos;10.0&apos;, java.version: &apos;1.8.0_191&apos;
Driver info: driver.version: unknown
	at org.openqa.selenium.support.ui.Select.findOptionsByValue(Select.java:283)
	at org.openqa.selenium.support.ui.Select.selectByValue(Select.java:186)
	at page.NewUserPage.chooseState(NewUserPage.java:128)
	at tests.NewUserTests.asNewUserLoginUsingValidLoginAndPassword(NewUserTests.java:31)
	at sun.reflect.NativeMethodAccessorImpl.invoke0(Native Method)
	at sun.reflect.NativeMethodAccessorImpl.invoke(NativeMethodAccessorImpl.java:62)
	at sun.reflect.DelegatingMethodAccessorImpl.invoke(DelegatingMethodAccessorImpl.java:43)
	at java.lang.reflect.Method.invoke(Method.java:498)
	at org.testng.internal.MethodInvocationHelper.invokeMethod(MethodInvocationHelper.java:133)
	at org.testng.internal.TestInvoker.invokeMethod(TestInvoker.java:584)
	at org.testng.internal.TestInvoker.invokeTestMethod(TestInvoker.java:172)
	at org.testng.internal.MethodRunner.runInSequence(MethodRunner.java:46)
	at org.testng.internal.TestInvoker$MethodInvocationAgent.invoke(TestInvoker.java:804)
	at org.testng.internal.TestInvoker.invokeTestMethods(TestInvoker.java:145)
	at org.testng.internal.TestMethodWorker.invokeTestMethods(TestMethodWorker.java:146)
	at org.testng.internal.TestMethodWorker.run(TestMethodWorker.java:128)
	at java.util.ArrayList.forEach(ArrayList.java:1257)
	at org.testng.TestRunner.privateRun(TestRunner.java:770)
	at org.testng.TestRunner.run(TestRunner.java:591)
	at org.testng.SuiteRunner.runTest(SuiteRunner.java:402)
	at org.testng.SuiteRunner.access$000(SuiteRunner.java:41)
	at org.testng.SuiteRunner$SuiteWorker.run(SuiteRunner.java:443)
	at org.testng.internal.thread.ThreadUtil.lambda$execute$0(ThreadUtil.java:67)
	at java.util.concurrent.FutureTask.run(FutureTask.java:266)
	at java.util.concurrent.ThreadPoolExecutor.runWorker(ThreadPoolExecutor.java:1149)
	at java.util.concurrent.ThreadPoolExecutor$Worker.run(ThreadPoolExecutor.java:624)
	at java.lang.Thread.run(Thread.java:748)
</pre></div></td>
<td>4</td>
<td>tests.NewUserTests@69fa8e76</td></tr>
<tr>
<td title='tests.NewUserTests.asNewUserLoginUsingValidLoginAndPassword()'><b>asNewUserLoginUsingValidLoginAndPassword</b><br>Test class: tests.NewUserTests</td>
<td><div><pre>org.openqa.selenium.NoSuchElementException: Cannot locate option with value: 5
For documentation on this error, please visit: https://www.seleniumhq.org/exceptions/no_such_element.html
Build info: version: &apos;3.141.59&apos;, revision: &apos;e82be7d358&apos;, time: &apos;2018-11-14T08:17:03&apos;
System info: host: &apos;MANIEK&apos;, ip: &apos;192.168.0.234&apos;, os.name: &apos;Windows 10&apos;, os.arch: &apos;amd64&apos;, os.version: &apos;10.0&apos;, java.version: &apos;1.8.0_191&apos;
Driver info: driver.version: unknown
	at org.openqa.selenium.support.ui.Select.findOptionsByValue(Select.java:283)
	at org.openqa.selenium.support.ui.Select.selectByValue(Select.java:186)
	at page.NewUserPage.chooseState(NewUserPage.java:128)
	at tests.NewUserTests.asNewUserLoginUsingValidLoginAndPassword(NewUserTests.java:31)
	at java.util.ArrayList.forEach(ArrayList.java:1257)
	at java.util.concurrent.FutureTask.run(FutureTask.java:266)
	at java.util.concurrent.ThreadPoolExecutor.runWorker(ThreadPoolExecutor.java:1149)
	at java.util.concurrent.ThreadPoolExecutor$Worker.run(ThreadPoolExecutor.java:624)
	at java.lang.Thread.run(Thread.java:748)
... Removed 18 stack frames</pre></div><a href='#' onClick='toggleBox("stack-trace211900987", this, "Click to show all stack frames", "Click to hide stack frames")'>Click to show all stack frames</a>
<div class='stack-trace' id='stack-trace211900987'><pre>org.openqa.selenium.NoSuchElementException: Cannot locate option with value: 5
For documentation on this error, please visit: https://www.seleniumhq.org/exceptions/no_such_element.html
Build info: version: &apos;3.141.59&apos;, revision: &apos;e82be7d358&apos;, time: &apos;2018-11-14T08:17:03&apos;
System info: host: &apos;MANIEK&apos;, ip: &apos;192.168.0.234&apos;, os.name: &apos;Windows 10&apos;, os.arch: &apos;amd64&apos;, os.version: &apos;10.0&apos;, java.version: &apos;1.8.0_191&apos;
Driver info: driver.version: unknown
	at org.openqa.selenium.support.ui.Select.findOptionsByValue(Select.java:283)
	at org.openqa.selenium.support.ui.Select.selectByValue(Select.java:186)
	at page.NewUserPage.chooseState(NewUserPage.java:128)
	at tests.NewUserTests.asNewUserLoginUsingValidLoginAndPassword(NewUserTests.java:31)
	at sun.reflect.NativeMethodAccessorImpl.invoke0(Native Method)
	at sun.reflect.NativeMethodAccessorImpl.invoke(NativeMethodAccessorImpl.java:62)
	at sun.reflect.DelegatingMethodAccessorImpl.invoke(DelegatingMethodAccessorImpl.java:43)
	at java.lang.reflect.Method.invoke(Method.java:498)
	at org.testng.internal.MethodInvocationHelper.invokeMethod(MethodInvocationHelper.java:133)
	at org.testng.internal.TestInvoker.invokeMethod(TestInvoker.java:584)
	at org.testng.internal.TestInvoker.retryFailed(TestInvoker.java:204)
	at org.testng.internal.MethodRunner.runInSequence(MethodRunner.java:58)
	at org.testng.internal.TestInvoker$MethodInvocationAgent.invoke(TestInvoker.java:804)
	at org.testng.internal.TestInvoker.invokeTestMethods(TestInvoker.java:145)
	at org.testng.internal.TestMethodWorker.invokeTestMethods(TestMethodWorker.java:146)
	at org.testng.internal.TestMethodWorker.run(TestMethodWorker.java:128)
	at java.util.ArrayList.forEach(ArrayList.java:1257)
	at org.testng.TestRunner.privateRun(TestRunner.java:770)
	at org.testng.TestRunner.run(TestRunner.java:591)
	at org.testng.SuiteRunner.runTest(SuiteRunner.java:402)
	at org.testng.SuiteRunner.access$000(SuiteRunner.java:41)
	at org.testng.SuiteRunner$SuiteWorker.run(SuiteRunner.java:443)
	at org.testng.internal.thread.ThreadUtil.lambda$execute$0(ThreadUtil.java:67)
	at java.util.concurrent.FutureTask.run(FutureTask.java:266)
	at java.util.concurrent.ThreadPoolExecutor.runWorker(ThreadPoolExecutor.java:1149)
	at java.util.concurrent.ThreadPoolExecutor$Worker.run(ThreadPoolExecutor.java:624)
	at java.lang.Thread.run(Thread.java:748)
</pre></div></td>
<td>3</td>
<td>tests.NewUserTests@69fa8e76</td></tr>
</table><p>
</body>
</html>