<?xml version="1.0" encoding="UTF-8"?>
<testsuite xmlns:xsi="http://www.w3.org/2001/XMLSchema-instance" xsi:noNamespaceSchemaLocation="https://maven.apache.org/surefire/maven-surefire-plugin/xsd/surefire-test-report.xsd" name="TestSuite" time="149.503" tests="18" errors="0" skipped="2" failures="0">
  <properties>
    <property name="sun.desktop" value="windows"/>
    <property name="awt.toolkit" value="sun.awt.windows.WToolkit"/>
    <property name="file.encoding.pkg" value="sun.io"/>
    <property name="java.specification.version" value="1.8"/>
    <property name="sun.cpu.isalist" value="amd64"/>
    <property name="sun.jnu.encoding" value="Cp1250"/>
    <property name="java.class.path" value="C:\IdeaProjects\BartoszMonkaSeleniumIntro\target\test-classes;C:\IdeaProjects\BartoszMonkaSeleniumIntro\target\classes;C:\Users\barto\.m2\repository\io\github\bonigarcia\webdrivermanager\4.2.2\webdrivermanager-4.2.2.jar;C:\Users\barto\.m2\repository\org\slf4j\slf4j-api\1.7.30\slf4j-api-1.7.30.jar;C:\Users\barto\.m2\repository\commons-io\commons-io\2.8.0\commons-io-2.8.0.jar;C:\Users\barto\.m2\repository\com\google\code\gson\gson\2.8.6\gson-2.8.6.jar;C:\Users\barto\.m2\repository\org\apache\commons\commons-lang3\3.11\commons-lang3-3.11.jar;C:\Users\barto\.m2\repository\org\apache\httpcomponents\client5\httpclient5\5.0.1\httpclient5-5.0.1.jar;C:\Users\barto\.m2\repository\org\apache\httpcomponents\core5\httpcore5\5.0.1\httpcore5-5.0.1.jar;C:\Users\barto\.m2\repository\org\apache\httpcomponents\core5\httpcore5-h2\5.0.1\httpcore5-h2-5.0.1.jar;C:\Users\barto\.m2\repository\commons-codec\commons-codec\1.13\commons-codec-1.13.jar;C:\Users\barto\.m2\repository\org\rauschig\jarchivelib\1.1.0\jarchivelib-1.1.0.jar;C:\Users\barto\.m2\repository\org\apache\commons\commons-compress\1.20\commons-compress-1.20.jar;C:\Users\barto\.m2\repository\org\jsoup\jsoup\1.13.1\jsoup-1.13.1.jar;C:\Users\barto\.m2\repository\javax\xml\bind\jaxb-api\2.3.0\jaxb-api-2.3.0.jar;C:\Users\barto\.m2\repository\org\slf4j\slf4j-simple\1.7.25\slf4j-simple-1.7.25.jar;C:\Users\barto\.m2\repository\org\aspectj\aspectjweaver\1.9.2\aspectjweaver-1.9.2.jar;C:\Users\barto\.m2\repository\io\qameta\allure\allure-testng\2.10.0\allure-testng-2.10.0.jar;C:\Users\barto\.m2\repository\io\qameta\allure\allure-java-commons\2.10.0\allure-java-commons-2.10.0.jar;C:\Users\barto\.m2\repository\io\qameta\allure\allure-model\2.10.0\allure-model-2.10.0.jar;C:\Users\barto\.m2\repository\com\fasterxml\jackson\core\jackson-databind\2.9.8\jackson-databind-2.9.8.jar;C:\Users\barto\.m2\repository\com\fasterxml\jackson\core\jackson-annotations\2.9.0\jackson-annotations-2.9.0.jar;C:\Users\barto\.m2\repository\com\fasterxml\jackson\core\jackson-core\2.9.8\jackson-core-2.9.8.jar;C:\Users\barto\.m2\repository\org\apache\tika\tika-core\1.20\tika-core-1.20.jar;C:\Users\barto\.m2\repository\org\jooq\joor-java-8\0.9.10\joor-java-8-0.9.10.jar;C:\Users\barto\.m2\repository\org\seleniumhq\selenium\selenium-java\3.141.59\selenium-java-3.141.59.jar;C:\Users\barto\.m2\repository\org\seleniumhq\selenium\selenium-api\3.141.59\selenium-api-3.141.59.jar;C:\Users\barto\.m2\repository\org\seleniumhq\selenium\selenium-chrome-driver\3.141.59\selenium-chrome-driver-3.141.59.jar;C:\Users\barto\.m2\repository\org\seleniumhq\selenium\selenium-edge-driver\3.141.59\selenium-edge-driver-3.141.59.jar;C:\Users\barto\.m2\repository\org\seleniumhq\selenium\selenium-firefox-driver\3.141.59\selenium-firefox-driver-3.141.59.jar;C:\Users\barto\.m2\repository\org\seleniumhq\selenium\selenium-ie-driver\3.141.59\selenium-ie-driver-3.141.59.jar;C:\Users\barto\.m2\repository\org\seleniumhq\selenium\selenium-opera-driver\3.141.59\selenium-opera-driver-3.141.59.jar;C:\Users\barto\.m2\repository\org\seleniumhq\selenium\selenium-remote-driver\3.141.59\selenium-remote-driver-3.141.59.jar;C:\Users\barto\.m2\repository\org\seleniumhq\selenium\selenium-safari-driver\3.141.59\selenium-safari-driver-3.141.59.jar;C:\Users\barto\.m2\repository\org\seleniumhq\selenium\selenium-support\3.141.59\selenium-support-3.141.59.jar;C:\Users\barto\.m2\repository\net\bytebuddy\byte-buddy\1.8.15\byte-buddy-1.8.15.jar;C:\Users\barto\.m2\repository\org\apache\commons\commons-exec\1.3\commons-exec-1.3.jar;C:\Users\barto\.m2\repository\com\google\guava\guava\25.0-jre\guava-25.0-jre.jar;C:\Users\barto\.m2\repository\com\google\code\findbugs\jsr305\1.3.9\jsr305-1.3.9.jar;C:\Users\barto\.m2\repository\org\checkerframework\checker-compat-qual\2.0.0\checker-compat-qual-2.0.0.jar;C:\Users\barto\.m2\repository\com\google\errorprone\error_prone_annotations\2.1.3\error_prone_annotations-2.1.3.jar;C:\Users\barto\.m2\repository\com\google\j2objc\j2objc-annotations\1.1\j2objc-annotations-1.1.jar;C:\Users\barto\.m2\repository\org\codehaus\mojo\animal-sniffer-annotations\1.14\animal-sniffer-annotations-1.14.jar;C:\Users\barto\.m2\repository\com\squareup\okhttp3\okhttp\3.11.0\okhttp-3.11.0.jar;C:\Users\barto\.m2\repository\com\squareup\okio\okio\1.14.0\okio-1.14.0.jar;C:\Users\barto\.m2\repository\org\testng\testng\7.0.0\testng-7.0.0.jar;C:\Users\barto\.m2\repository\com\beust\jcommander\1.72\jcommander-1.72.jar;C:\Users\barto\.m2\repository\org\apache\logging\log4j\log4j-core\2.10.0\log4j-core-2.10.0.jar;C:\Users\barto\.m2\repository\org\apache\logging\log4j\log4j-api\2.10.0\log4j-api-2.10.0.jar;C:\Users\barto\.m2\repository\org\apache\maven\surefire\surefire-testng-utils\2.21.0\surefire-testng-utils-2.21.0.jar;C:\Users\barto\.m2\repository\org\apache\maven\surefire\surefire-grouper\2.21.0\surefire-grouper-2.21.0.jar;"/>
    <property name="java.vm.vendor" value="Oracle Corporation"/>
    <property name="sun.arch.data.model" value="64"/>
    <property name="user.variant" value=""/>
    <property name="java.vendor.url" value="http://java.oracle.com/"/>
    <property name="user.timezone" value=""/>
    <property name="java.vm.specification.version" value="1.8"/>
    <property name="os.name" value="Windows 10"/>
    <property name="user.country" value="PL"/>
    <property name="sun.java.launcher" value="SUN_STANDARD"/>
    <property name="sun.boot.library.path" value="C:\Program Files\Java\jdk1.8.0_191\jre\bin"/>
    <property name="sun.java.command" value="C:\Users\barto\AppData\Local\Temp\surefire2473870095793913146\surefirebooter417875188939664725.jar C:\Users\barto\AppData\Local\Temp\surefire2473870095793913146 2020-10-26T17-37-34_130-jvmRun1 surefire2636604742121094412tmp surefire_06206875252044603624tmp"/>
    <property name="surefire.test.class.path" value="C:\IdeaProjects\BartoszMonkaSeleniumIntro\target\test-classes;C:\IdeaProjects\BartoszMonkaSeleniumIntro\target\classes;C:\Users\barto\.m2\repository\io\github\bonigarcia\webdrivermanager\4.2.2\webdrivermanager-4.2.2.jar;C:\Users\barto\.m2\repository\org\slf4j\slf4j-api\1.7.30\slf4j-api-1.7.30.jar;C:\Users\barto\.m2\repository\commons-io\commons-io\2.8.0\commons-io-2.8.0.jar;C:\Users\barto\.m2\repository\com\google\code\gson\gson\2.8.6\gson-2.8.6.jar;C:\Users\barto\.m2\repository\org\apache\commons\commons-lang3\3.11\commons-lang3-3.11.jar;C:\Users\barto\.m2\repository\org\apache\httpcomponents\client5\httpclient5\5.0.1\httpclient5-5.0.1.jar;C:\Users\barto\.m2\repository\org\apache\httpcomponents\core5\httpcore5\5.0.1\httpcore5-5.0.1.jar;C:\Users\barto\.m2\repository\org\apache\httpcomponents\core5\httpcore5-h2\5.0.1\httpcore5-h2-5.0.1.jar;C:\Users\barto\.m2\repository\commons-codec\commons-codec\1.13\commons-codec-1.13.jar;C:\Users\barto\.m2\repository\org\rauschig\jarchivelib\1.1.0\jarchivelib-1.1.0.jar;C:\Users\barto\.m2\repository\org\apache\commons\commons-compress\1.20\commons-compress-1.20.jar;C:\Users\barto\.m2\repository\org\jsoup\jsoup\1.13.1\jsoup-1.13.1.jar;C:\Users\barto\.m2\repository\javax\xml\bind\jaxb-api\2.3.0\jaxb-api-2.3.0.jar;C:\Users\barto\.m2\repository\org\slf4j\slf4j-simple\1.7.25\slf4j-simple-1.7.25.jar;C:\Users\barto\.m2\repository\org\aspectj\aspectjweaver\1.9.2\aspectjweaver-1.9.2.jar;C:\Users\barto\.m2\repository\io\qameta\allure\allure-testng\2.10.0\allure-testng-2.10.0.jar;C:\Users\barto\.m2\repository\io\qameta\allure\allure-java-commons\2.10.0\allure-java-commons-2.10.0.jar;C:\Users\barto\.m2\repository\io\qameta\allure\allure-model\2.10.0\allure-model-2.10.0.jar;C:\Users\barto\.m2\repository\com\fasterxml\jackson\core\jackson-databind\2.9.8\jackson-databind-2.9.8.jar;C:\Users\barto\.m2\repository\com\fasterxml\jackson\core\jackson-annotations\2.9.0\jackson-annotations-2.9.0.jar;C:\Users\barto\.m2\repository\com\fasterxml\jackson\core\jackson-core\2.9.8\jackson-core-2.9.8.jar;C:\Users\barto\.m2\repository\org\apache\tika\tika-core\1.20\tika-core-1.20.jar;C:\Users\barto\.m2\repository\org\jooq\joor-java-8\0.9.10\joor-java-8-0.9.10.jar;C:\Users\barto\.m2\repository\org\seleniumhq\selenium\selenium-java\3.141.59\selenium-java-3.141.59.jar;C:\Users\barto\.m2\repository\org\seleniumhq\selenium\selenium-api\3.141.59\selenium-api-3.141.59.jar;C:\Users\barto\.m2\repository\org\seleniumhq\selenium\selenium-chrome-driver\3.141.59\selenium-chrome-driver-3.141.59.jar;C:\Users\barto\.m2\repository\org\seleniumhq\selenium\selenium-edge-driver\3.141.59\selenium-edge-driver-3.141.59.jar;C:\Users\barto\.m2\repository\org\seleniumhq\selenium\selenium-firefox-driver\3.141.59\selenium-firefox-driver-3.141.59.jar;C:\Users\barto\.m2\repository\org\seleniumhq\selenium\selenium-ie-driver\3.141.59\selenium-ie-driver-3.141.59.jar;C:\Users\barto\.m2\repository\org\seleniumhq\selenium\selenium-opera-driver\3.141.59\selenium-opera-driver-3.141.59.jar;C:\Users\barto\.m2\repository\org\seleniumhq\selenium\selenium-remote-driver\3.141.59\selenium-remote-driver-3.141.59.jar;C:\Users\barto\.m2\repository\org\seleniumhq\selenium\selenium-safari-driver\3.141.59\selenium-safari-driver-3.141.59.jar;C:\Users\barto\.m2\repository\org\seleniumhq\selenium\selenium-support\3.141.59\selenium-support-3.141.59.jar;C:\Users\barto\.m2\repository\net\bytebuddy\byte-buddy\1.8.15\byte-buddy-1.8.15.jar;C:\Users\barto\.m2\repository\org\apache\commons\commons-exec\1.3\commons-exec-1.3.jar;C:\Users\barto\.m2\repository\com\google\guava\guava\25.0-jre\guava-25.0-jre.jar;C:\Users\barto\.m2\repository\com\google\code\findbugs\jsr305\1.3.9\jsr305-1.3.9.jar;C:\Users\barto\.m2\repository\org\checkerframework\checker-compat-qual\2.0.0\checker-compat-qual-2.0.0.jar;C:\Users\barto\.m2\repository\com\google\errorprone\error_prone_annotations\2.1.3\error_prone_annotations-2.1.3.jar;C:\Users\barto\.m2\repository\com\google\j2objc\j2objc-annotations\1.1\j2objc-annotations-1.1.jar;C:\Users\barto\.m2\repository\org\codehaus\mojo\animal-sniffer-annotations\1.14\animal-sniffer-annotations-1.14.jar;C:\Users\barto\.m2\repository\com\squareup\okhttp3\okhttp\3.11.0\okhttp-3.11.0.jar;C:\Users\barto\.m2\repository\com\squareup\okio\okio\1.14.0\okio-1.14.0.jar;C:\Users\barto\.m2\repository\org\testng\testng\7.0.0\testng-7.0.0.jar;C:\Users\barto\.m2\repository\com\beust\jcommander\1.72\jcommander-1.72.jar;C:\Users\barto\.m2\repository\org\apache\logging\log4j\log4j-core\2.10.0\log4j-core-2.10.0.jar;C:\Users\barto\.m2\repository\org\apache\logging\log4j\log4j-api\2.10.0\log4j-api-2.10.0.jar;C:\Users\barto\.m2\repository\org\apache\maven\surefire\surefire-testng-utils\2.21.0\surefire-testng-utils-2.21.0.jar;C:\Users\barto\.m2\repository\org\apache\maven\surefire\surefire-grouper\2.21.0\surefire-grouper-2.21.0.jar;"/>
    <property name="sun.cpu.endian" value="little"/>
    <property name="allure.results.directory" value="C:\IdeaProjects\BartoszMonkaSeleniumIntro/target/allure-results"/>
    <property name="user.home" value="C:\Users\barto"/>
    <property name="user.language" value="pl"/>
    <property name="java.specification.vendor" value="Oracle Corporation"/>
    <property name="java.home" value="C:\Program Files\Java\jdk1.8.0_191\jre"/>
    <property name="basedir" value="C:\IdeaProjects\BartoszMonkaSeleniumIntro"/>
    <property name="file.separator" value="\"/>
    <property name="line.separator" value="&#10;"/>
    <property name="java.vm.specification.vendor" value="Oracle Corporation"/>
    <property name="java.specification.name" value="Java Platform API Specification"/>
    <property name="java.awt.graphicsenv" value="sun.awt.Win32GraphicsEnvironment"/>
    <property name="surefire.real.class.path" value="C:\Users\barto\AppData\Local\Temp\surefire2473870095793913146\surefirebooter417875188939664725.jar;C:\Users\barto\.m2\repository/org/aspectj/aspectjweaver/1.9.2/aspectjweaver-1.9.2.jar"/>
    <property name="sun.boot.class.path" value="C:\Program Files\Java\jdk1.8.0_191\jre\lib\resources.jar;C:\Program Files\Java\jdk1.8.0_191\jre\lib\rt.jar;C:\Program Files\Java\jdk1.8.0_191\jre\lib\sunrsasign.jar;C:\Program Files\Java\jdk1.8.0_191\jre\lib\jsse.jar;C:\Program Files\Java\jdk1.8.0_191\jre\lib\jce.jar;C:\Program Files\Java\jdk1.8.0_191\jre\lib\charsets.jar;C:\Program Files\Java\jdk1.8.0_191\jre\lib\jfr.jar;C:\Program Files\Java\jdk1.8.0_191\jre\classes"/>
    <property name="user.script" value=""/>
    <property name="sun.management.compiler" value="HotSpot 64-Bit Tiered Compilers"/>
    <property name="java.runtime.version" value="1.8.0_191-b12"/>
    <property name="user.name" value="barto"/>
    <property name="path.separator" value=";"/>
    <property name="os.version" value="10.0"/>
    <property name="java.endorsed.dirs" value="C:\Program Files\Java\jdk1.8.0_191\jre\lib\endorsed"/>
    <property name="java.runtime.name" value="Java(TM) SE Runtime Environment"/>
    <property name="file.encoding" value="Cp1250"/>
    <property name="java.vm.name" value="Java HotSpot(TM) 64-Bit Server VM"/>
    <property name="localRepository" value="C:\Users\barto\.m2\repository"/>
    <property name="java.vendor.url.bug" value="http://bugreport.sun.com/bugreport/"/>
    <property name="java.io.tmpdir" value="C:\Users\barto\AppData\Local\Temp\"/>
    <property name="java.version" value="1.8.0_191"/>
    <property name="user.dir" value="C:\IdeaProjects\BartoszMonkaSeleniumIntro"/>
    <property name="os.arch" value="amd64"/>
    <property name="java.vm.specification.name" value="Java Virtual Machine Specification"/>
    <property name="java.awt.printerjob" value="sun.awt.windows.WPrinterJob"/>
    <property name="sun.os.patch.level" value=""/>
    <property name="java.library.path" value="C:\Program Files\Java\jdk1.8.0_191\jre\bin;C:\WINDOWS\Sun\Java\bin;C:\WINDOWS\system32;C:\WINDOWS;C:\Program Files (x86)\Common Files\Oracle\Java\javapath;C:\Program Files (x86)\Common Files\Intel\Shared Files\cpp\bin\Intel64;C:\ProgramData\Oracle\Java\javapath;C:\Windows\system32;C:\Windows;C:\Windows\System32\Wbem;C:\Windows\System32\WindowsPowerShell\v1.0\;C:\WINDOWS\system32;C:\WINDOWS;C:\WINDOWS\System32\Wbem;C:\WINDOWS\System32\WindowsPowerShell\v1.0\;C:\Program Files (x86)\PuTTY\;C:\Program Files (x86)\NVIDIA Corporation\PhysX\Common;C:\WINDOWS\System32\OpenSSH\;C:\Program Files\NVIDIA Corporation\NVIDIA NvDLISR;C:\Program Files\Git\cmd;C:\Program Files\Java\jdk1.8.0_191\bin;C:\WINDOWS\system32;C:\WINDOWS;C:\WINDOWS\System32\Wbem;C:\WINDOWS\System32\WindowsPowerShell\v1.0\;C:\WINDOWS\System32\OpenSSH\;C:\Program Files\Intel\WiFi\bin\;C:\Program Files\Common Files\Intel\WirelessCommon\;C:\PuTTY\;C:\Users\barto\AppData\Local\Programs\Python\Python37-32\Scripts\;C:\Users\barto\AppData\Local\Programs\Python\Python37-32\;C:\Users\barto\AppData\Local\Microsoft\WindowsApps;C:\Program Files\Java\jdk1.8.0_191\bin;C:\apache-maven-3.5.4\bin;;C:\Users\barto\AppData\Local\Programs\Microsoft VS Code\bin;C:\Program Files\JetBrains\PyCharm Community Edition 2019.1.1\bin;;C:\Program Files\Intel\WiFi\bin\;C:\Program Files\Common Files\Intel\WirelessCommon\;C:\Program Files\JetBrains\IntelliJ IDEA 2019.3.3\bin;;."/>
    <property name="java.vm.info" value="mixed mode"/>
    <property name="java.vendor" value="Oracle Corporation"/>
    <property name="java.vm.version" value="25.191-b12"/>
    <property name="java.ext.dirs" value="C:\Program Files\Java\jdk1.8.0_191\jre\lib\ext;C:\WINDOWS\Sun\Java\lib\ext"/>
    <property name="sun.io.unicode.encoding" value="UnicodeLittle"/>
    <property name="java.class.version" value="52.0"/>
  </properties>
  <testcase name="asNewUserLoginUsingValidLoginAndPassword" classname="tests.NewUserTests" time="0">
    <skipped message="Cannot locate option with value: 5&#10;For documentation on this error, please visit: https://www.seleniumhq.org/exceptions/no_such_element.html&#10;Build info: version: &apos;3.141.59&apos;, revision: &apos;e82be7d358&apos;, time: &apos;2018-11-14T08:17:03&apos;&#10;System info: host: &apos;MANIEK&apos;, ip: &apos;192.168.0.234&apos;, os.name: &apos;Windows 10&apos;, os.arch: &apos;amd64&apos;, os.version: &apos;10.0&apos;, java.version: &apos;1.8.0_191&apos;&#10;Driver info: driver.version: unknown"/>
    <system-out><![CDATA[[INFO ] 2020-10-26 17:37:41.036 [TestNG-tests-2] configuration.PropertiesLoader - Trying to load properties with file name: configuration.properties
[INFO ] 2020-10-26 17:37:41.036 [TestNG-tests-1] configuration.PropertiesLoader - Trying to load properties with file name: configuration.properties
[INFO ] 2020-10-26 17:37:41.043 [TestNG-tests-1] configuration.PropertiesLoader - Successfully loaded properties for file: configuration.properties
[INFO ] 2020-10-26 17:37:41.043 [TestNG-tests-2] configuration.PropertiesLoader - Successfully loaded properties for file: configuration.properties
[INFO ] 2020-10-26 17:37:44.503 [TestNG-tests-2] driver.listeners.DriverEventListener - Trying to navigate to http://automationpractice.com/
[INFO ] 2020-10-26 17:37:47.036 [TestNG-tests-1] driver.listeners.DriverEventListener - Trying to navigate to http://automationpractice.com/
[INFO ] 2020-10-26 17:37:50.525 [TestNG-tests-2] driver.listeners.DriverEventListener - Navigated to http://automationpractice.com/
[INFO ] 2020-10-26 17:37:50.633 [TestNG-tests-2] driver.listeners.DriverEventListener - Trying to navigate to http://automationpractice.com/index.php?controller=authentication&back=my-account
[INFO ] 2020-10-26 17:37:52.164 [TestNG-tests-1] driver.listeners.DriverEventListener - Navigated to http://automationpractice.com/
[INFO ] 2020-10-26 17:37:52.170 [TestNG-tests-1] driver.listeners.DriverEventListener - Trying to navigate to http://automationpractice.com/index.php?controller=authentication&back=my-account
[INFO ] 2020-10-26 17:37:52.313 [TestNG-tests-2] driver.listeners.DriverEventListener - Navigated to http://automationpractice.com/index.php?controller=authentication&back=my-account
[INFO ] 2020-10-26 17:37:52.358 [TestNG-tests-2] driver.listeners.DriverEventListener - Trying to find element with locator By.id: email_create
[INFO ] 2020-10-26 17:37:52.374 [TestNG-tests-2] driver.listeners.DriverEventListener - Found element with locator By.id: email_create
[INFO ] 2020-10-26 17:37:52.419 [TestNG-tests-2] driver.listeners.DriverEventListener - Trying to find element with locator By.id: email_create
[INFO ] 2020-10-26 17:37:52.436 [TestNG-tests-2] driver.listeners.DriverEventListener - Found element with locator By.id: email_create
[INFO ] 2020-10-26 17:37:52.440 [TestNG-tests-2] driver.listeners.DriverEventListener - Trying to type into element: input text [new.user.sa173752@gmail.com]
[INFO ] 2020-10-26 17:37:52.486 [TestNG-tests-2] driver.listeners.DriverEventListener - Typed into element: input text [new.user.sa173752@gmail.com]
[INFO ] 2020-10-26 17:37:52.488 [TestNG-tests-2] page.NewUserPage - Typed into user email Name Field new.user.sa173752@gmail.com 
[INFO ] 2020-10-26 17:37:52.488 [TestNG-tests-2] driver.listeners.DriverEventListener - Trying to find element with locator By.id: SubmitCreate
[INFO ] 2020-10-26 17:37:52.500 [TestNG-tests-2] driver.listeners.DriverEventListener - Found element with locator By.id: SubmitCreate
[INFO ] 2020-10-26 17:37:52.524 [TestNG-tests-2] driver.listeners.DriverEventListener - Trying to find element with locator By.id: SubmitCreate
[INFO ] 2020-10-26 17:37:52.532 [TestNG-tests-2] driver.listeners.DriverEventListener - Found element with locator By.id: SubmitCreate
[INFO ] 2020-10-26 17:37:52.538 [TestNG-tests-2] driver.listeners.DriverEventListener - Trying to click on element with tag name: button
[INFO ] 2020-10-26 17:37:52.779 [TestNG-tests-2] driver.listeners.DriverEventListener - Clicked on element
[INFO ] 2020-10-26 17:37:52.779 [TestNG-tests-2] page.NewUserPage - create Account Button click
[INFO ] 2020-10-26 17:37:52.780 [TestNG-tests-2] driver.listeners.DriverEventListener - Trying to find element with locator By.cssSelector: #customer_firstname
[INFO ] 2020-10-26 17:37:52.801 [TestNG-tests-2] driver.listeners.DriverEventListener - There was an exception with message: Unable to locate element: #customer_firstname
For documentation on this error, please visit: https://www.seleniumhq.org/exceptions/no_such_element.html
Build info: version: '3.141.59', revision: 'e82be7d358', time: '2018-11-14T08:17:03'
System info: host: 'MANIEK', ip: '192.168.0.234', os.name: 'Windows 10', os.arch: 'amd64', os.version: '10.0', java.version: '1.8.0_191'
Driver info: org.openqa.selenium.firefox.FirefoxDriver
Capabilities {acceptInsecureCerts: true, browserName: firefox, browserVersion: 81.0.2, javascriptEnabled: true, moz:accessibilityChecks: false, moz:buildID: 20201012085804, moz:geckodriverVersion: 0.27.0, moz:headless: false, moz:processID: 15092, moz:profile: C:\Users\barto\AppData\Loca..., moz:shutdownTimeout: 60000, moz:useNonSpecCompliantPointerOrigin: false, moz:webdriverClick: true, pageLoadStrategy: normal, platform: WINDOWS, platformName: WINDOWS, platformVersion: 10.0, rotatable: false, setWindowRect: true, strictFileInteractability: false, timeouts: {implicit: 0, pageLoad: 300000, script: 30000}, unhandledPromptBehavior: dismiss and notify}
Session ID: 29630082-8ec8-4822-b065-26efe7211d6b
*** Element info: {Using=css selector, value=#customer_firstname}
[INFO ] 2020-10-26 17:37:53.308 [TestNG-tests-2] driver.listeners.DriverEventListener - Trying to find element with locator By.cssSelector: #customer_firstname
[INFO ] 2020-10-26 17:37:53.329 [TestNG-tests-2] driver.listeners.DriverEventListener - There was an exception with message: Unable to locate element: #customer_firstname
For documentation on this error, please visit: https://www.seleniumhq.org/exceptions/no_such_element.html
Build info: version: '3.141.59', revision: 'e82be7d358', time: '2018-11-14T08:17:03'
System info: host: 'MANIEK', ip: '192.168.0.234', os.name: 'Windows 10', os.arch: 'amd64', os.version: '10.0', java.version: '1.8.0_191'
Driver info: org.openqa.selenium.firefox.FirefoxDriver
Capabilities {acceptInsecureCerts: true, browserName: firefox, browserVersion: 81.0.2, javascriptEnabled: true, moz:accessibilityChecks: false, moz:buildID: 20201012085804, moz:geckodriverVersion: 0.27.0, moz:headless: false, moz:processID: 15092, moz:profile: C:\Users\barto\AppData\Loca..., moz:shutdownTimeout: 60000, moz:useNonSpecCompliantPointerOrigin: false, moz:webdriverClick: true, pageLoadStrategy: normal, platform: WINDOWS, platformName: WINDOWS, platformVersion: 10.0, rotatable: false, setWindowRect: true, strictFileInteractability: false, timeouts: {implicit: 0, pageLoad: 300000, script: 30000}, unhandledPromptBehavior: dismiss and notify}
Session ID: 29630082-8ec8-4822-b065-26efe7211d6b
*** Element info: {Using=css selector, value=#customer_firstname}
[INFO ] 2020-10-26 17:37:53.837 [TestNG-tests-2] driver.listeners.DriverEventListener - Trying to find element with locator By.cssSelector: #customer_firstname
[INFO ] 2020-10-26 17:37:53.856 [TestNG-tests-2] driver.listeners.DriverEventListener - There was an exception with message: Unable to locate element: #customer_firstname
For documentation on this error, please visit: https://www.seleniumhq.org/exceptions/no_such_element.html
Build info: version: '3.141.59', revision: 'e82be7d358', time: '2018-11-14T08:17:03'
System info: host: 'MANIEK', ip: '192.168.0.234', os.name: 'Windows 10', os.arch: 'amd64', os.version: '10.0', java.version: '1.8.0_191'
Driver info: org.openqa.selenium.firefox.FirefoxDriver
Capabilities {acceptInsecureCerts: true, browserName: firefox, browserVersion: 81.0.2, javascriptEnabled: true, moz:accessibilityChecks: false, moz:buildID: 20201012085804, moz:geckodriverVersion: 0.27.0, moz:headless: false, moz:processID: 15092, moz:profile: C:\Users\barto\AppData\Loca..., moz:shutdownTimeout: 60000, moz:useNonSpecCompliantPointerOrigin: false, moz:webdriverClick: true, pageLoadStrategy: normal, platform: WINDOWS, platformName: WINDOWS, platformVersion: 10.0, rotatable: false, setWindowRect: true, strictFileInteractability: false, timeouts: {implicit: 0, pageLoad: 300000, script: 30000}, unhandledPromptBehavior: dismiss and notify}
Session ID: 29630082-8ec8-4822-b065-26efe7211d6b
*** Element info: {Using=css selector, value=#customer_firstname}
[INFO ] 2020-10-26 17:37:54.016 [TestNG-tests-1] driver.listeners.DriverEventListener - Navigated to http://automationpractice.com/index.php?controller=authentication&back=my-account
[INFO ] 2020-10-26 17:37:54.019 [TestNG-tests-1] driver.listeners.DriverEventListener - Trying to find element with locator By.id: email_create
[INFO ] 2020-10-26 17:37:54.036 [TestNG-tests-1] driver.listeners.DriverEventListener - Found element with locator By.id: email_create
[INFO ] 2020-10-26 17:37:54.053 [TestNG-tests-1] driver.listeners.DriverEventListener - Trying to find element with locator By.id: email_create
[INFO ] 2020-10-26 17:37:54.064 [TestNG-tests-1] driver.listeners.DriverEventListener - Found element with locator By.id: email_create
[INFO ] 2020-10-26 17:37:54.068 [TestNG-tests-1] driver.listeners.DriverEventListener - Trying to type into element: input text [new.user.sa173754@gmail.com]
[INFO ] 2020-10-26 17:37:54.130 [TestNG-tests-1] driver.listeners.DriverEventListener - Typed into element: input text [new.user.sa173754@gmail.com]
[INFO ] 2020-10-26 17:37:54.130 [TestNG-tests-1] page.NewUserPage - Typed into user email Name Field new.user.sa173754@gmail.com 
[INFO ] 2020-10-26 17:37:54.131 [TestNG-tests-1] driver.listeners.DriverEventListener - Trying to find element with locator By.id: SubmitCreate
[INFO ] 2020-10-26 17:37:54.148 [TestNG-tests-1] driver.listeners.DriverEventListener - Found element with locator By.id: SubmitCreate
[INFO ] 2020-10-26 17:37:54.165 [TestNG-tests-1] driver.listeners.DriverEventListener - Trying to find element with locator By.id: SubmitCreate
[INFO ] 2020-10-26 17:37:54.176 [TestNG-tests-1] driver.listeners.DriverEventListener - Found element with locator By.id: SubmitCreate
[INFO ] 2020-10-26 17:37:54.180 [TestNG-tests-1] driver.listeners.DriverEventListener - Trying to click on element with tag name: button
[INFO ] 2020-10-26 17:37:54.222 [TestNG-tests-1] driver.listeners.DriverEventListener - Clicked on element
[INFO ] 2020-10-26 17:37:54.223 [TestNG-tests-1] page.NewUserPage - create Account Button click
[INFO ] 2020-10-26 17:37:54.223 [TestNG-tests-1] driver.listeners.DriverEventListener - Trying to find element with locator By.cssSelector: #customer_firstname
[INFO ] 2020-10-26 17:37:54.244 [TestNG-tests-1] driver.listeners.DriverEventListener - There was an exception with message: no such element: Unable to locate element: {"method":"css selector","selector":"#customer_firstname"}
  (Session info: chrome=86.0.4240.111)
For documentation on this error, please visit: https://www.seleniumhq.org/exceptions/no_such_element.html
Build info: version: '3.141.59', revision: 'e82be7d358', time: '2018-11-14T08:17:03'
System info: host: 'MANIEK', ip: '192.168.0.234', os.name: 'Windows 10', os.arch: 'amd64', os.version: '10.0', java.version: '1.8.0_191'
Driver info: org.openqa.selenium.chrome.ChromeDriver
Capabilities {acceptInsecureCerts: false, browserName: chrome, browserVersion: 86.0.4240.111, chrome: {chromedriverVersion: 86.0.4240.22 (398b0743353ff..., userDataDir: C:\Users\barto\AppData\Loca...}, goog:chromeOptions: {debuggerAddress: localhost:51199}, javascriptEnabled: true, networkConnectionEnabled: false, pageLoadStrategy: normal, platform: WINDOWS, platformName: WINDOWS, proxy: Proxy(), setWindowRect: true, strictFileInteractability: false, timeouts: {implicit: 0, pageLoad: 300000, script: 30000}, unhandledPromptBehavior: dismiss and notify, webauthn:virtualAuthenticators: true}
Session ID: ee9d2a854d4fdbe3636fd1f5b47662f0
*** Element info: {Using=css selector, value=#customer_firstname}
[INFO ] 2020-10-26 17:37:54.360 [TestNG-tests-2] driver.listeners.DriverEventListener - Trying to find element with locator By.cssSelector: #customer_firstname
[INFO ] 2020-10-26 17:37:54.379 [TestNG-tests-2] driver.listeners.DriverEventListener - There was an exception with message: Unable to locate element: #customer_firstname
For documentation on this error, please visit: https://www.seleniumhq.org/exceptions/no_such_element.html
Build info: version: '3.141.59', revision: 'e82be7d358', time: '2018-11-14T08:17:03'
System info: host: 'MANIEK', ip: '192.168.0.234', os.name: 'Windows 10', os.arch: 'amd64', os.version: '10.0', java.version: '1.8.0_191'
Driver info: org.openqa.selenium.firefox.FirefoxDriver
Capabilities {acceptInsecureCerts: true, browserName: firefox, browserVersion: 81.0.2, javascriptEnabled: true, moz:accessibilityChecks: false, moz:buildID: 20201012085804, moz:geckodriverVersion: 0.27.0, moz:headless: false, moz:processID: 15092, moz:profile: C:\Users\barto\AppData\Loca..., moz:shutdownTimeout: 60000, moz:useNonSpecCompliantPointerOrigin: false, moz:webdriverClick: true, pageLoadStrategy: normal, platform: WINDOWS, platformName: WINDOWS, platformVersion: 10.0, rotatable: false, setWindowRect: true, strictFileInteractability: false, timeouts: {implicit: 0, pageLoad: 300000, script: 30000}, unhandledPromptBehavior: dismiss and notify}
Session ID: 29630082-8ec8-4822-b065-26efe7211d6b
*** Element info: {Using=css selector, value=#customer_firstname}
[INFO ] 2020-10-26 17:37:54.751 [TestNG-tests-1] driver.listeners.DriverEventListener - Trying to find element with locator By.cssSelector: #customer_firstname
[INFO ] 2020-10-26 17:37:54.772 [TestNG-tests-1] driver.listeners.DriverEventListener - There was an exception with message: no such element: Unable to locate element: {"method":"css selector","selector":"#customer_firstname"}
  (Session info: chrome=86.0.4240.111)
For documentation on this error, please visit: https://www.seleniumhq.org/exceptions/no_such_element.html
Build info: version: '3.141.59', revision: 'e82be7d358', time: '2018-11-14T08:17:03'
System info: host: 'MANIEK', ip: '192.168.0.234', os.name: 'Windows 10', os.arch: 'amd64', os.version: '10.0', java.version: '1.8.0_191'
Driver info: org.openqa.selenium.chrome.ChromeDriver
Capabilities {acceptInsecureCerts: false, browserName: chrome, browserVersion: 86.0.4240.111, chrome: {chromedriverVersion: 86.0.4240.22 (398b0743353ff..., userDataDir: C:\Users\barto\AppData\Loca...}, goog:chromeOptions: {debuggerAddress: localhost:51199}, javascriptEnabled: true, networkConnectionEnabled: false, pageLoadStrategy: normal, platform: WINDOWS, platformName: WINDOWS, proxy: Proxy(), setWindowRect: true, strictFileInteractability: false, timeouts: {implicit: 0, pageLoad: 300000, script: 30000}, unhandledPromptBehavior: dismiss and notify, webauthn:virtualAuthenticators: true}
Session ID: ee9d2a854d4fdbe3636fd1f5b47662f0
*** Element info: {Using=css selector, value=#customer_firstname}
[INFO ] 2020-10-26 17:37:54.894 [TestNG-tests-2] driver.listeners.DriverEventListener - Trying to find element with locator By.cssSelector: #customer_firstname
[INFO ] 2020-10-26 17:37:54.913 [TestNG-tests-2] driver.listeners.DriverEventListener - Found element with locator By.cssSelector: #customer_firstname
[INFO ] 2020-10-26 17:37:54.938 [TestNG-tests-2] driver.listeners.DriverEventListener - Trying to find element with locator By.cssSelector: #customer_firstname
[INFO ] 2020-10-26 17:37:54.945 [TestNG-tests-2] driver.listeners.DriverEventListener - Found element with locator By.cssSelector: #customer_firstname
[INFO ] 2020-10-26 17:37:54.948 [TestNG-tests-2] driver.listeners.DriverEventListener - Trying to type into element: input text [Jan]
[INFO ] 2020-10-26 17:37:54.970 [TestNG-tests-2] driver.listeners.DriverEventListener - Typed into element: input text [Jan]
[INFO ] 2020-10-26 17:37:54.970 [TestNG-tests-2] page.NewUserPage - in personal information send first nameJan 
[INFO ] 2020-10-26 17:37:54.971 [TestNG-tests-2] driver.listeners.DriverEventListener - Trying to find element with locator By.id: customer_lastname
[INFO ] 2020-10-26 17:37:54.977 [TestNG-tests-2] driver.listeners.DriverEventListener - Found element with locator By.id: customer_lastname
[INFO ] 2020-10-26 17:37:54.980 [TestNG-tests-2] driver.listeners.DriverEventListener - Trying to type into element: input text [Matejko]
[INFO ] 2020-10-26 17:37:55.009 [TestNG-tests-2] driver.listeners.DriverEventListener - Typed into element: input text [Matejko]
[INFO ] 2020-10-26 17:37:55.009 [TestNG-tests-2] page.NewUserPage - in personal information send last nameMatejko 
[INFO ] 2020-10-26 17:37:55.010 [TestNG-tests-2] driver.listeners.DriverEventListener - Trying to find element with locator By.id: passwd
[INFO ] 2020-10-26 17:37:55.025 [TestNG-tests-2] driver.listeners.DriverEventListener - Found element with locator By.id: passwd
[INFO ] 2020-10-26 17:37:55.028 [TestNG-tests-2] driver.listeners.DriverEventListener - Trying to type into element: input text [Good4Up455]
[INFO ] 2020-10-26 17:37:55.054 [TestNG-tests-2] driver.listeners.DriverEventListener - Typed into element: input text [Good4Up455]
[INFO ] 2020-10-26 17:37:55.054 [TestNG-tests-2] page.NewUserPage - in personal information send passwordGood4Up455 
[INFO ] 2020-10-26 17:37:55.055 [TestNG-tests-2] driver.listeners.DriverEventListener - Trying to find element with locator By.id: address1
[INFO ] 2020-10-26 17:37:55.071 [TestNG-tests-2] driver.listeners.DriverEventListener - Found element with locator By.id: address1
[INFO ] 2020-10-26 17:37:55.074 [TestNG-tests-2] driver.listeners.DriverEventListener - Trying to type into element: input text [Research Triangle Park]
[INFO ] 2020-10-26 17:37:55.108 [TestNG-tests-2] driver.listeners.DriverEventListener - Typed into element: input text [Research Triangle Park]
[INFO ] 2020-10-26 17:37:55.108 [TestNG-tests-2] page.NewUserPage - YOUR ADDRESS send adres line 1 Research Triangle Park 
[INFO ] 2020-10-26 17:37:55.108 [TestNG-tests-2] driver.listeners.DriverEventListener - Trying to find element with locator By.id: city
[INFO ] 2020-10-26 17:37:55.117 [TestNG-tests-2] driver.listeners.DriverEventListener - Found element with locator By.id: city
[INFO ] 2020-10-26 17:37:55.120 [TestNG-tests-2] driver.listeners.DriverEventListener - Trying to type into element: input text [Columbia]
[INFO ] 2020-10-26 17:37:55.148 [TestNG-tests-2] driver.listeners.DriverEventListener - Typed into element: input text [Columbia]
[INFO ] 2020-10-26 17:37:55.148 [TestNG-tests-2] page.NewUserPage - in YOUR ADDRESS send city name Columbia 
[INFO ] 2020-10-26 17:37:55.150 [TestNG-tests-2] driver.listeners.DriverEventListener - Trying to find element with locator By.id: id_state
[INFO ] 2020-10-26 17:37:55.206 [TestNG-tests-2] driver.listeners.DriverEventListener - Found element with locator By.id: id_state
[INFO ] 2020-10-26 17:37:55.210 [TestNG-tests-2] driver.listeners.DriverEventListener - Trying to find element with locator By.id: id_state
[INFO ] 2020-10-26 17:37:55.229 [TestNG-tests-2] driver.listeners.DriverEventListener - Found element with locator By.id: id_state
[INFO ] 2020-10-26 17:37:55.251 [TestNG-tests-2] driver.listeners.DriverEventListener - Trying to find element with locator By.id: id_state
[INFO ] 2020-10-26 17:37:55.259 [TestNG-tests-2] driver.listeners.DriverEventListener - Found element with locator By.id: id_state
[INFO ] 2020-10-26 17:37:55.260 [TestNG-tests-2] driver.listeners.DriverEventListener - Trying to find element with locator By.xpath: .//option[@value = "5"]
[INFO ] 2020-10-26 17:37:55.287 [TestNG-tests-1] driver.listeners.DriverEventListener - Trying to find element with locator By.cssSelector: #customer_firstname
[INFO ] 2020-10-26 17:37:55.288 [TestNG-tests-2] driver.listeners.DriverEventListener - Found element with locator By.xpath: .//option[@value = "5"]
[INFO ] 2020-10-26 17:37:55.301 [TestNG-tests-2] driver.listeners.DriverEventListener - Trying to click on element with tag name: option
[INFO ] 2020-10-26 17:37:55.308 [TestNG-tests-1] driver.listeners.DriverEventListener - There was an exception with message: no such element: Unable to locate element: {"method":"css selector","selector":"#customer_firstname"}
  (Session info: chrome=86.0.4240.111)
For documentation on this error, please visit: https://www.seleniumhq.org/exceptions/no_such_element.html
Build info: version: '3.141.59', revision: 'e82be7d358', time: '2018-11-14T08:17:03'
System info: host: 'MANIEK', ip: '192.168.0.234', os.name: 'Windows 10', os.arch: 'amd64', os.version: '10.0', java.version: '1.8.0_191'
Driver info: org.openqa.selenium.chrome.ChromeDriver
Capabilities {acceptInsecureCerts: false, browserName: chrome, browserVersion: 86.0.4240.111, chrome: {chromedriverVersion: 86.0.4240.22 (398b0743353ff..., userDataDir: C:\Users\barto\AppData\Loca...}, goog:chromeOptions: {debuggerAddress: localhost:51199}, javascriptEnabled: true, networkConnectionEnabled: false, pageLoadStrategy: normal, platform: WINDOWS, platformName: WINDOWS, proxy: Proxy(), setWindowRect: true, strictFileInteractability: false, timeouts: {implicit: 0, pageLoad: 300000, script: 30000}, unhandledPromptBehavior: dismiss and notify, webauthn:virtualAuthenticators: true}
Session ID: ee9d2a854d4fdbe3636fd1f5b47662f0
*** Element info: {Using=css selector, value=#customer_firstname}
[INFO ] 2020-10-26 17:37:55.541 [TestNG-tests-2] driver.listeners.DriverEventListener - Clicked on element
[INFO ] 2020-10-26 17:37:55.541 [TestNG-tests-2] page.NewUserPage - in YOUR ADDRESS select State 
[INFO ] 2020-10-26 17:37:55.541 [TestNG-tests-2] driver.listeners.DriverEventListener - Trying to find element with locator By.id: postcode
[INFO ] 2020-10-26 17:37:55.557 [TestNG-tests-2] driver.listeners.DriverEventListener - Found element with locator By.id: postcode
[INFO ] 2020-10-26 17:37:55.560 [TestNG-tests-2] driver.listeners.DriverEventListener - Trying to type into element: input text [10004]
[INFO ] 2020-10-26 17:37:55.586 [TestNG-tests-2] driver.listeners.DriverEventListener - Typed into element: input text [10004]
[INFO ] 2020-10-26 17:37:55.586 [TestNG-tests-2] page.NewUserPage - Trying to find element with locator By.id: postcode
[INFO ] 2020-10-26 17:37:55.603 [TestNG-tests-2] page.NewUserPage - Found element with locator By.id: postcode
[INFO ] 2020-10-26 17:37:55.604 [TestNG-tests-2] page.NewUserPage - in YOUR ADDRESS send zip code [[FirefoxDriver: firefox on WINDOWS (29630082-8ec8-4822-b065-26efe7211d6b)] -> id: postcode] 
[INFO ] 2020-10-26 17:37:55.604 [TestNG-tests-2] driver.listeners.DriverEventListener - Trying to find element with locator By.id: id_country
[INFO ] 2020-10-26 17:37:55.619 [TestNG-tests-2] driver.listeners.DriverEventListener - Found element with locator By.id: id_country
[INFO ] 2020-10-26 17:37:55.622 [TestNG-tests-2] driver.listeners.DriverEventListener - Trying to find element with locator By.id: id_country
[INFO ] 2020-10-26 17:37:55.634 [TestNG-tests-2] driver.listeners.DriverEventListener - Found element with locator By.id: id_country
[INFO ] 2020-10-26 17:37:55.652 [TestNG-tests-2] driver.listeners.DriverEventListener - Trying to find element with locator By.id: id_country
[INFO ] 2020-10-26 17:37:55.665 [TestNG-tests-2] driver.listeners.DriverEventListener - Found element with locator By.id: id_country
[INFO ] 2020-10-26 17:37:55.665 [TestNG-tests-2] driver.listeners.DriverEventListener - Trying to find element with locator By.xpath: .//option[@value = "21"]
[INFO ] 2020-10-26 17:37:55.682 [TestNG-tests-2] driver.listeners.DriverEventListener - Found element with locator By.xpath: .//option[@value = "21"]
[INFO ] 2020-10-26 17:37:55.686 [TestNG-tests-2] page.NewUserPage - in YOUR ADDRESS select country
[INFO ] 2020-10-26 17:37:55.687 [TestNG-tests-2] driver.listeners.DriverEventListener - Trying to find element with locator By.id: phone_mobile
[INFO ] 2020-10-26 17:37:55.697 [TestNG-tests-2] driver.listeners.DriverEventListener - Found element with locator By.id: phone_mobile
[INFO ] 2020-10-26 17:37:55.699 [TestNG-tests-2] driver.listeners.DriverEventListener - Trying to type into element: input text [(347) 466-7432]
[INFO ] 2020-10-26 17:37:55.735 [TestNG-tests-2] driver.listeners.DriverEventListener - Typed into element: input text [(347) 466-7432]
[INFO ] 2020-10-26 17:37:55.735 [TestNG-tests-2] page.NewUserPage - in YOUR ADDRESS send mobile phone number(347) 466-7432 
[INFO ] 2020-10-26 17:37:55.736 [TestNG-tests-2] driver.listeners.DriverEventListener - Trying to find element with locator By.id: submitAccount
[INFO ] 2020-10-26 17:37:55.745 [TestNG-tests-2] driver.listeners.DriverEventListener - Found element with locator By.id: submitAccount
[INFO ] 2020-10-26 17:37:55.749 [TestNG-tests-2] driver.listeners.DriverEventListener - Trying to click on element with tag name: button
[INFO ] 2020-10-26 17:37:55.822 [TestNG-tests-1] driver.listeners.DriverEventListener - Trying to find element with locator By.cssSelector: #customer_firstname
[INFO ] 2020-10-26 17:37:55.844 [TestNG-tests-1] driver.listeners.DriverEventListener - Found element with locator By.cssSelector: #customer_firstname
[INFO ] 2020-10-26 17:37:55.862 [TestNG-tests-1] driver.listeners.DriverEventListener - Trying to find element with locator By.cssSelector: #customer_firstname
[INFO ] 2020-10-26 17:37:55.876 [TestNG-tests-1] driver.listeners.DriverEventListener - Found element with locator By.cssSelector: #customer_firstname
[INFO ] 2020-10-26 17:37:55.880 [TestNG-tests-1] driver.listeners.DriverEventListener - Trying to type into element: input text [Jan]
[INFO ] 2020-10-26 17:37:55.931 [TestNG-tests-1] driver.listeners.DriverEventListener - Typed into element: input text [Jan]
[INFO ] 2020-10-26 17:37:55.932 [TestNG-tests-1] page.NewUserPage - in personal information send first nameJan 
[INFO ] 2020-10-26 17:37:55.932 [TestNG-tests-1] driver.listeners.DriverEventListener - Trying to find element with locator By.id: customer_lastname
[INFO ] 2020-10-26 17:37:55.944 [TestNG-tests-1] driver.listeners.DriverEventListener - Found element with locator By.id: customer_lastname
[INFO ] 2020-10-26 17:37:55.948 [TestNG-tests-1] driver.listeners.DriverEventListener - Trying to type into element: input text [Matejko]
[INFO ] 2020-10-26 17:37:55.993 [TestNG-tests-1] driver.listeners.DriverEventListener - Typed into element: input text [Matejko]
[INFO ] 2020-10-26 17:37:55.993 [TestNG-tests-1] page.NewUserPage - in personal information send last nameMatejko 
[INFO ] 2020-10-26 17:37:55.994 [TestNG-tests-1] driver.listeners.DriverEventListener - Trying to find element with locator By.id: passwd
[INFO ] 2020-10-26 17:37:56.007 [TestNG-tests-1] driver.listeners.DriverEventListener - Found element with locator By.id: passwd
[INFO ] 2020-10-26 17:37:56.011 [TestNG-tests-1] driver.listeners.DriverEventListener - Trying to type into element: input text [Good4Up455]
[INFO ] 2020-10-26 17:37:56.059 [TestNG-tests-1] driver.listeners.DriverEventListener - Typed into element: input text [Good4Up455]
[INFO ] 2020-10-26 17:37:56.059 [TestNG-tests-1] page.NewUserPage - in personal information send passwordGood4Up455 
[INFO ] 2020-10-26 17:37:56.060 [TestNG-tests-1] driver.listeners.DriverEventListener - Trying to find element with locator By.id: address1
[INFO ] 2020-10-26 17:37:56.069 [TestNG-tests-1] driver.listeners.DriverEventListener - Found element with locator By.id: address1
[INFO ] 2020-10-26 17:37:56.075 [TestNG-tests-1] driver.listeners.DriverEventListener - Trying to type into element: input text [Research Triangle Park]
[INFO ] 2020-10-26 17:37:56.128 [TestNG-tests-1] driver.listeners.DriverEventListener - Typed into element: input text [Research Triangle Park]
[INFO ] 2020-10-26 17:37:56.129 [TestNG-tests-1] page.NewUserPage - YOUR ADDRESS send adres line 1 Research Triangle Park 
[INFO ] 2020-10-26 17:37:56.129 [TestNG-tests-1] driver.listeners.DriverEventListener - Trying to find element with locator By.id: city
[INFO ] 2020-10-26 17:37:56.148 [TestNG-tests-1] driver.listeners.DriverEventListener - Found element with locator By.id: city
[INFO ] 2020-10-26 17:37:56.152 [TestNG-tests-1] driver.listeners.DriverEventListener - Trying to type into element: input text [Columbia]
[INFO ] 2020-10-26 17:37:56.199 [TestNG-tests-1] driver.listeners.DriverEventListener - Typed into element: input text [Columbia]
[INFO ] 2020-10-26 17:37:56.199 [TestNG-tests-1] page.NewUserPage - in YOUR ADDRESS send city name Columbia 
[INFO ] 2020-10-26 17:37:56.200 [TestNG-tests-1] driver.listeners.DriverEventListener - Trying to find element with locator By.id: id_state
[INFO ] 2020-10-26 17:37:56.210 [TestNG-tests-1] driver.listeners.DriverEventListener - Found element with locator By.id: id_state
[INFO ] 2020-10-26 17:37:56.215 [TestNG-tests-1] driver.listeners.DriverEventListener - Trying to find element with locator By.id: id_state
[INFO ] 2020-10-26 17:37:56.222 [TestNG-tests-1] driver.listeners.DriverEventListener - Found element with locator By.id: id_state
[INFO ] 2020-10-26 17:37:56.239 [TestNG-tests-1] driver.listeners.DriverEventListener - Trying to find element with locator By.id: id_state
[INFO ] 2020-10-26 17:37:56.254 [TestNG-tests-1] driver.listeners.DriverEventListener - Found element with locator By.id: id_state
[INFO ] 2020-10-26 17:37:56.254 [TestNG-tests-1] driver.listeners.DriverEventListener - Trying to find element with locator By.xpath: .//option[@value = "5"]
[INFO ] 2020-10-26 17:37:56.272 [TestNG-tests-1] driver.listeners.DriverEventListener - Found element with locator By.xpath: .//option[@value = "5"]
[INFO ] 2020-10-26 17:37:56.276 [TestNG-tests-1] utils.testng.listeners.RetryAnalyzer - Retrying test method asNewUserLoginUsingValidLoginAndPassword!
]]></system-out>
    <system-err><![CDATA[[main] INFO io.github.bonigarcia.wdm.WebDriverManager - Using chromedriver 86.0.4240.22 (resolved driver for Chrome 86)
[main] INFO io.github.bonigarcia.wdm.WebDriverManager - Reading https://chromedriver.storage.googleapis.com/ to seek chromedriver
[main] INFO io.github.bonigarcia.wdm.online.Downloader - Downloading https://chromedriver.storage.googleapis.com/86.0.4240.22/chromedriver_win32.zip
[main] INFO io.github.bonigarcia.wdm.online.Downloader - Extracting driver from compressed file chromedriver_win32.zip
[main] INFO io.github.bonigarcia.wdm.WebDriverManager - Exporting webdriver.chrome.driver as drivers\chromedriver\win32\86.0.4240.22\chromedriver.exe
[main] INFO io.github.bonigarcia.wdm.WebDriverManager - Using geckodriver 0.27.0 (resolved driver for Firefox 81)
[main] INFO io.github.bonigarcia.wdm.WebDriverManager - Reading https://api.github.com/repos/mozilla/geckodriver/releases to seek geckodriver
[main] INFO io.github.bonigarcia.wdm.online.Downloader - Downloading https://github.com/mozilla/geckodriver/releases/download/v0.27.0/geckodriver-v0.27.0-win64.zip
[main] INFO io.github.bonigarcia.wdm.online.Downloader - Extracting driver from compressed file geckodriver-v0.27.0-win64.zip
[main] INFO io.github.bonigarcia.wdm.WebDriverManager - Exporting webdriver.gecko.driver as drivers\geckodriver\win64\0.27.0\geckodriver.exe
Starting ChromeDriver 86.0.4240.22 (398b0743353ff36fb1b82468f63a3a93b4e2e89e-refs/branch-heads/4240@{#378}) on port 45901
Only local connections are allowed.
Please see https://chromedriver.chromium.org/security-considerations for suggestions on keeping ChromeDriver safe.
ChromeDriver was started successfully.
1603730261357	geckodriver	INFO	Listening on 127.0.0.1:40566
1603730262100	mozrunner::runner	INFO	Running command: "C:\\Program Files\\Mozilla Firefox\\firefox.exe" "--marionette" "-foreground" "-no-remote" "-profile" "C:\\Users\\barto\\AppData\\Local\\Temp\\rust_mozprofilewKwFpB"
console.error: SearchCache: "_readCacheFile: Error reading cache file:" (new Error("", "(unknown module)"))
JavaScript error: resource://gre/modules/XULStore.jsm, line 66: Error: Can't find profile directory.
1603730263814	Marionette	INFO	Listening on port 51194
1603730264144	Marionette	WARN	TLS certificate errors will be ignored for this session
paź 26, 2020 5:37:44 PM org.openqa.selenium.remote.ProtocolHandshake createSession
INFO: Detected dialect: W3C
JavaScript error: resource://gre/modules/URIFixup.jsm, line 271: NS_ERROR_FAILURE: Should pass a non-null uri
paź 26, 2020 5:37:44 PM org.openqa.selenium.remote.ProtocolHandshake createSession
INFO: Detected dialect: W3C
]]></system-err>
  </testcase>
  <testcase name="asNewUserLoginUsingValidLoginAndPassword" classname="tests.NewUserTests" time="7.91"/>
  <testcase name="asNewUserLoginUsingValidLoginAndPassword" classname="tests.NewUserTests" time="0">
    <skipped message="Cannot locate option with value: 5&#10;For documentation on this error, please visit: https://www.seleniumhq.org/exceptions/no_such_element.html&#10;Build info: version: &apos;3.141.59&apos;, revision: &apos;e82be7d358&apos;, time: &apos;2018-11-14T08:17:03&apos;&#10;System info: host: &apos;MANIEK&apos;, ip: &apos;192.168.0.234&apos;, os.name: &apos;Windows 10&apos;, os.arch: &apos;amd64&apos;, os.version: &apos;10.0&apos;, java.version: &apos;1.8.0_191&apos;&#10;Driver info: driver.version: unknown"/>
    <system-out><![CDATA[[INFO ] 2020-10-26 17:38:00.653 [TestNG-tests-2] configuration.PropertiesLoader - Trying to load properties with file name: configuration.properties
[INFO ] 2020-10-26 17:38:00.653 [TestNG-tests-2] configuration.PropertiesLoader - Successfully loaded properties for file: configuration.properties
[INFO ] 2020-10-26 17:38:02.245 [TestNG-tests-1] driver.listeners.DriverEventListener - Trying to navigate to http://automationpractice.com/
[INFO ] 2020-10-26 17:38:03.033 [TestNG-tests-2] driver.listeners.DriverEventListener - Trying to navigate to http://automationpractice.com/
[INFO ] 2020-10-26 17:38:07.638 [TestNG-tests-1] driver.listeners.DriverEventListener - Navigated to http://automationpractice.com/
[INFO ] 2020-10-26 17:38:07.641 [TestNG-tests-1] driver.listeners.DriverEventListener - Trying to navigate to http://automationpractice.com/index.php?controller=authentication&back=my-account
[INFO ] 2020-10-26 17:38:08.511 [TestNG-tests-2] driver.listeners.DriverEventListener - Navigated to http://automationpractice.com/
[INFO ] 2020-10-26 17:38:08.514 [TestNG-tests-2] driver.listeners.DriverEventListener - Trying to navigate to http://automationpractice.com/index.php?controller=authentication&back=my-account
[INFO ] 2020-10-26 17:38:08.949 [TestNG-tests-1] driver.listeners.DriverEventListener - Navigated to http://automationpractice.com/index.php?controller=authentication&back=my-account
[INFO ] 2020-10-26 17:38:08.950 [TestNG-tests-1] driver.listeners.DriverEventListener - Trying to find element with locator By.id: email_create
[INFO ] 2020-10-26 17:38:08.965 [TestNG-tests-1] driver.listeners.DriverEventListener - Found element with locator By.id: email_create
[INFO ] 2020-10-26 17:38:08.996 [TestNG-tests-1] driver.listeners.DriverEventListener - Trying to find element with locator By.id: email_create
[INFO ] 2020-10-26 17:38:09.005 [TestNG-tests-1] driver.listeners.DriverEventListener - Found element with locator By.id: email_create
[INFO ] 2020-10-26 17:38:09.009 [TestNG-tests-1] driver.listeners.DriverEventListener - Trying to type into element: input text [new.user.sa173808@gmail.com]
[INFO ] 2020-10-26 17:38:09.068 [TestNG-tests-1] driver.listeners.DriverEventListener - Typed into element: input text [new.user.sa173808@gmail.com]
[INFO ] 2020-10-26 17:38:09.068 [TestNG-tests-1] page.NewUserPage - Typed into user email Name Field new.user.sa173808@gmail.com 
[INFO ] 2020-10-26 17:38:09.069 [TestNG-tests-1] driver.listeners.DriverEventListener - Trying to find element with locator By.id: SubmitCreate
[INFO ] 2020-10-26 17:38:09.089 [TestNG-tests-1] driver.listeners.DriverEventListener - Found element with locator By.id: SubmitCreate
[INFO ] 2020-10-26 17:38:09.106 [TestNG-tests-1] driver.listeners.DriverEventListener - Trying to find element with locator By.id: SubmitCreate
[INFO ] 2020-10-26 17:38:09.116 [TestNG-tests-1] driver.listeners.DriverEventListener - Found element with locator By.id: SubmitCreate
[INFO ] 2020-10-26 17:38:09.120 [TestNG-tests-1] driver.listeners.DriverEventListener - Trying to click on element with tag name: button
[INFO ] 2020-10-26 17:38:09.160 [TestNG-tests-1] driver.listeners.DriverEventListener - Clicked on element
[INFO ] 2020-10-26 17:38:09.160 [TestNG-tests-1] page.NewUserPage - create Account Button click
[INFO ] 2020-10-26 17:38:09.160 [TestNG-tests-1] driver.listeners.DriverEventListener - Trying to find element with locator By.cssSelector: #customer_firstname
[INFO ] 2020-10-26 17:38:09.181 [TestNG-tests-1] driver.listeners.DriverEventListener - There was an exception with message: no such element: Unable to locate element: {"method":"css selector","selector":"#customer_firstname"}
  (Session info: chrome=86.0.4240.111)
For documentation on this error, please visit: https://www.seleniumhq.org/exceptions/no_such_element.html
Build info: version: '3.141.59', revision: 'e82be7d358', time: '2018-11-14T08:17:03'
System info: host: 'MANIEK', ip: '192.168.0.234', os.name: 'Windows 10', os.arch: 'amd64', os.version: '10.0', java.version: '1.8.0_191'
Driver info: org.openqa.selenium.chrome.ChromeDriver
Capabilities {acceptInsecureCerts: false, browserName: chrome, browserVersion: 86.0.4240.111, chrome: {chromedriverVersion: 86.0.4240.22 (398b0743353ff..., userDataDir: C:\Users\barto\AppData\Loca...}, goog:chromeOptions: {debuggerAddress: localhost:51278}, javascriptEnabled: true, networkConnectionEnabled: false, pageLoadStrategy: normal, platform: WINDOWS, platformName: WINDOWS, proxy: Proxy(), setWindowRect: true, strictFileInteractability: false, timeouts: {implicit: 0, pageLoad: 300000, script: 30000}, unhandledPromptBehavior: dismiss and notify, webauthn:virtualAuthenticators: true}
Session ID: 0bb40d6a2c40084de8d87b70fa4c3115
*** Element info: {Using=css selector, value=#customer_firstname}
[INFO ] 2020-10-26 17:38:09.687 [TestNG-tests-1] driver.listeners.DriverEventListener - Trying to find element with locator By.cssSelector: #customer_firstname
[INFO ] 2020-10-26 17:38:09.707 [TestNG-tests-1] driver.listeners.DriverEventListener - There was an exception with message: no such element: Unable to locate element: {"method":"css selector","selector":"#customer_firstname"}
  (Session info: chrome=86.0.4240.111)
For documentation on this error, please visit: https://www.seleniumhq.org/exceptions/no_such_element.html
Build info: version: '3.141.59', revision: 'e82be7d358', time: '2018-11-14T08:17:03'
System info: host: 'MANIEK', ip: '192.168.0.234', os.name: 'Windows 10', os.arch: 'amd64', os.version: '10.0', java.version: '1.8.0_191'
Driver info: org.openqa.selenium.chrome.ChromeDriver
Capabilities {acceptInsecureCerts: false, browserName: chrome, browserVersion: 86.0.4240.111, chrome: {chromedriverVersion: 86.0.4240.22 (398b0743353ff..., userDataDir: C:\Users\barto\AppData\Loca...}, goog:chromeOptions: {debuggerAddress: localhost:51278}, javascriptEnabled: true, networkConnectionEnabled: false, pageLoadStrategy: normal, platform: WINDOWS, platformName: WINDOWS, proxy: Proxy(), setWindowRect: true, strictFileInteractability: false, timeouts: {implicit: 0, pageLoad: 300000, script: 30000}, unhandledPromptBehavior: dismiss and notify, webauthn:virtualAuthenticators: true}
Session ID: 0bb40d6a2c40084de8d87b70fa4c3115
*** Element info: {Using=css selector, value=#customer_firstname}
[INFO ] 2020-10-26 17:38:10.040 [TestNG-tests-2] driver.listeners.DriverEventListener - Navigated to http://automationpractice.com/index.php?controller=authentication&back=my-account
[INFO ] 2020-10-26 17:38:10.041 [TestNG-tests-2] driver.listeners.DriverEventListener - Trying to find element with locator By.id: email
[INFO ] 2020-10-26 17:38:10.054 [TestNG-tests-2] driver.listeners.DriverEventListener - Found element with locator By.id: email
[INFO ] 2020-10-26 17:38:10.075 [TestNG-tests-2] driver.listeners.DriverEventListener - Trying to find element with locator By.id: email
[INFO ] 2020-10-26 17:38:10.096 [TestNG-tests-2] driver.listeners.DriverEventListener - Found element with locator By.id: email
[INFO ] 2020-10-26 17:38:10.099 [TestNG-tests-2] driver.listeners.DriverEventListener - Trying to type into element: input text [testMail88@gmail.com]
[INFO ] 2020-10-26 17:38:10.145 [TestNG-tests-2] driver.listeners.DriverEventListener - Typed into element: input text [testMail88@gmail.com]
[INFO ] 2020-10-26 17:38:10.146 [TestNG-tests-2] page.LoginPage - Typed into user email Name Field testMail88@gmail.com
[INFO ] 2020-10-26 17:38:10.146 [TestNG-tests-2] driver.listeners.DriverEventListener - Trying to find element with locator By.id: passwd
[INFO ] 2020-10-26 17:38:10.158 [TestNG-tests-2] driver.listeners.DriverEventListener - Found element with locator By.id: passwd
[INFO ] 2020-10-26 17:38:10.162 [TestNG-tests-2] driver.listeners.DriverEventListener - Trying to enter empty string or clear element: input
[INFO ] 2020-10-26 17:38:10.177 [TestNG-tests-2] driver.listeners.DriverEventListener - Entered empty string or cleared element: input
[INFO ] 2020-10-26 17:38:10.178 [TestNG-tests-2] driver.listeners.DriverEventListener - Trying to find element with locator By.id: passwd
[INFO ] 2020-10-26 17:38:10.189 [TestNG-tests-2] driver.listeners.DriverEventListener - Found element with locator By.id: passwd
[INFO ] 2020-10-26 17:38:10.191 [TestNG-tests-2] driver.listeners.DriverEventListener - Trying to type into element: input text []
[INFO ] 2020-10-26 17:38:10.215 [TestNG-tests-1] driver.listeners.DriverEventListener - Trying to find element with locator By.cssSelector: #customer_firstname
[INFO ] 2020-10-26 17:38:10.222 [TestNG-tests-2] driver.listeners.DriverEventListener - Typed into element: input text []
[INFO ] 2020-10-26 17:38:10.222 [TestNG-tests-2] page.LoginPage - Trying to find element with locator By.id: email
[INFO ] 2020-10-26 17:38:10.235 [TestNG-tests-2] page.LoginPage - Found element with locator By.id: email
[INFO ] 2020-10-26 17:38:10.235 [TestNG-tests-2] page.LoginPage - Typed into Password Field [[FirefoxDriver: firefox on WINDOWS (7eb07422-b503-476d-a2e6-6a71b1282747)] -> id: email]
[INFO ] 2020-10-26 17:38:10.236 [TestNG-tests-2] driver.listeners.DriverEventListener - Trying to find element with locator By.id: SubmitLogin
[INFO ] 2020-10-26 17:38:10.237 [TestNG-tests-1] driver.listeners.DriverEventListener - There was an exception with message: no such element: Unable to locate element: {"method":"css selector","selector":"#customer_firstname"}
  (Session info: chrome=86.0.4240.111)
For documentation on this error, please visit: https://www.seleniumhq.org/exceptions/no_such_element.html
Build info: version: '3.141.59', revision: 'e82be7d358', time: '2018-11-14T08:17:03'
System info: host: 'MANIEK', ip: '192.168.0.234', os.name: 'Windows 10', os.arch: 'amd64', os.version: '10.0', java.version: '1.8.0_191'
Driver info: org.openqa.selenium.chrome.ChromeDriver
Capabilities {acceptInsecureCerts: false, browserName: chrome, browserVersion: 86.0.4240.111, chrome: {chromedriverVersion: 86.0.4240.22 (398b0743353ff..., userDataDir: C:\Users\barto\AppData\Loca...}, goog:chromeOptions: {debuggerAddress: localhost:51278}, javascriptEnabled: true, networkConnectionEnabled: false, pageLoadStrategy: normal, platform: WINDOWS, platformName: WINDOWS, proxy: Proxy(), setWindowRect: true, strictFileInteractability: false, timeouts: {implicit: 0, pageLoad: 300000, script: 30000}, unhandledPromptBehavior: dismiss and notify, webauthn:virtualAuthenticators: true}
Session ID: 0bb40d6a2c40084de8d87b70fa4c3115
*** Element info: {Using=css selector, value=#customer_firstname}
[INFO ] 2020-10-26 17:38:10.251 [TestNG-tests-2] driver.listeners.DriverEventListener - Found element with locator By.id: SubmitLogin
[INFO ] 2020-10-26 17:38:10.253 [TestNG-tests-2] driver.listeners.DriverEventListener - Trying to click on element with tag name: button
[INFO ] 2020-10-26 17:38:10.748 [TestNG-tests-1] driver.listeners.DriverEventListener - Trying to find element with locator By.cssSelector: #customer_firstname
[INFO ] 2020-10-26 17:38:10.768 [TestNG-tests-1] driver.listeners.DriverEventListener - Found element with locator By.cssSelector: #customer_firstname
[INFO ] 2020-10-26 17:38:10.786 [TestNG-tests-1] driver.listeners.DriverEventListener - Trying to find element with locator By.cssSelector: #customer_firstname
[INFO ] 2020-10-26 17:38:10.799 [TestNG-tests-1] driver.listeners.DriverEventListener - Found element with locator By.cssSelector: #customer_firstname
[INFO ] 2020-10-26 17:38:10.803 [TestNG-tests-1] driver.listeners.DriverEventListener - Trying to type into element: input text [Jan]
[INFO ] 2020-10-26 17:38:10.852 [TestNG-tests-1] driver.listeners.DriverEventListener - Typed into element: input text [Jan]
[INFO ] 2020-10-26 17:38:10.852 [TestNG-tests-1] page.NewUserPage - in personal information send first nameJan 
[INFO ] 2020-10-26 17:38:10.852 [TestNG-tests-1] driver.listeners.DriverEventListener - Trying to find element with locator By.id: customer_lastname
[INFO ] 2020-10-26 17:38:10.867 [TestNG-tests-1] driver.listeners.DriverEventListener - Found element with locator By.id: customer_lastname
[INFO ] 2020-10-26 17:38:10.871 [TestNG-tests-1] driver.listeners.DriverEventListener - Trying to type into element: input text [Matejko]
[INFO ] 2020-10-26 17:38:10.913 [TestNG-tests-1] driver.listeners.DriverEventListener - Typed into element: input text [Matejko]
[INFO ] 2020-10-26 17:38:10.913 [TestNG-tests-1] page.NewUserPage - in personal information send last nameMatejko 
[INFO ] 2020-10-26 17:38:10.913 [TestNG-tests-1] driver.listeners.DriverEventListener - Trying to find element with locator By.id: passwd
[INFO ] 2020-10-26 17:38:10.927 [TestNG-tests-1] driver.listeners.DriverEventListener - Found element with locator By.id: passwd
[INFO ] 2020-10-26 17:38:10.930 [TestNG-tests-1] driver.listeners.DriverEventListener - Trying to type into element: input text [Good4Up455]
[INFO ] 2020-10-26 17:38:10.977 [TestNG-tests-1] driver.listeners.DriverEventListener - Typed into element: input text [Good4Up455]
[INFO ] 2020-10-26 17:38:10.977 [TestNG-tests-1] page.NewUserPage - in personal information send passwordGood4Up455 
[INFO ] 2020-10-26 17:38:10.977 [TestNG-tests-1] driver.listeners.DriverEventListener - Trying to find element with locator By.id: address1
[INFO ] 2020-10-26 17:38:10.988 [TestNG-tests-1] driver.listeners.DriverEventListener - Found element with locator By.id: address1
[INFO ] 2020-10-26 17:38:10.993 [TestNG-tests-1] driver.listeners.DriverEventListener - Trying to type into element: input text [Research Triangle Park]
[INFO ] 2020-10-26 17:38:11.047 [TestNG-tests-1] driver.listeners.DriverEventListener - Typed into element: input text [Research Triangle Park]
[INFO ] 2020-10-26 17:38:11.047 [TestNG-tests-1] page.NewUserPage - YOUR ADDRESS send adres line 1 Research Triangle Park 
[INFO ] 2020-10-26 17:38:11.047 [TestNG-tests-1] driver.listeners.DriverEventListener - Trying to find element with locator By.id: city
[INFO ] 2020-10-26 17:38:11.066 [TestNG-tests-1] driver.listeners.DriverEventListener - Found element with locator By.id: city
[INFO ] 2020-10-26 17:38:11.070 [TestNG-tests-1] driver.listeners.DriverEventListener - Trying to type into element: input text [Columbia]
[INFO ] 2020-10-26 17:38:11.112 [TestNG-tests-1] driver.listeners.DriverEventListener - Typed into element: input text [Columbia]
[INFO ] 2020-10-26 17:38:11.113 [TestNG-tests-1] page.NewUserPage - in YOUR ADDRESS send city name Columbia 
[INFO ] 2020-10-26 17:38:11.113 [TestNG-tests-1] driver.listeners.DriverEventListener - Trying to find element with locator By.id: id_state
[INFO ] 2020-10-26 17:38:11.128 [TestNG-tests-1] driver.listeners.DriverEventListener - Found element with locator By.id: id_state
[INFO ] 2020-10-26 17:38:11.132 [TestNG-tests-1] driver.listeners.DriverEventListener - Trying to find element with locator By.id: id_state
[INFO ] 2020-10-26 17:38:11.142 [TestNG-tests-1] driver.listeners.DriverEventListener - Found element with locator By.id: id_state
[INFO ] 2020-10-26 17:38:11.159 [TestNG-tests-1] driver.listeners.DriverEventListener - Trying to find element with locator By.id: id_state
[INFO ] 2020-10-26 17:38:11.175 [TestNG-tests-1] driver.listeners.DriverEventListener - Found element with locator By.id: id_state
[INFO ] 2020-10-26 17:38:11.175 [TestNG-tests-1] driver.listeners.DriverEventListener - Trying to find element with locator By.xpath: .//option[@value = "5"]
[INFO ] 2020-10-26 17:38:11.196 [TestNG-tests-1] driver.listeners.DriverEventListener - Found element with locator By.xpath: .//option[@value = "5"]
[INFO ] 2020-10-26 17:38:11.196 [TestNG-tests-1] utils.testng.listeners.RetryAnalyzer - Retrying test method asNewUserLoginUsingValidLoginAndPassword!
]]></system-out>
    <system-err><![CDATA[1603730280085	Marionette	INFO	Stopped listening on port 51194
paź 26, 2020 5:38:00 PM org.openqa.selenium.remote.ProtocolHandshake createSession
INFO: Detected dialect: W3C

###!!! [Child][MessageChannel::SendAndWait] Error: Channel error: cannot send/recv

1603730280688	geckodriver	INFO	Listening on 127.0.0.1:7796
1603730281186	mozrunner::runner	INFO	Running command: "C:\\Program Files\\Mozilla Firefox\\firefox.exe" "--marionette" "-foreground" "-no-remote" "-profile" "C:\\Users\\barto\\AppData\\Local\\Temp\\rust_mozprofile66ibUu"
console.error: SearchCache: "_readCacheFile: Error reading cache file:" (new Error("", "(unknown module)"))
JavaScript error: resource://gre/modules/XULStore.jsm, line 66: Error: Can't find profile directory.
1603730282721	Marionette	INFO	Listening on port 51294
1603730282736	Marionette	WARN	TLS certificate errors will be ignored for this session
paź 26, 2020 5:38:02 PM org.openqa.selenium.remote.ProtocolHandshake createSession
INFO: Detected dialect: W3C
JavaScript error: resource://gre/modules/URIFixup.jsm, line 271: NS_ERROR_FAILURE: Should pass a non-null uri
]]></system-err>
  </testcase>
  <testcase name="asNewUserLoginUsingValidLoginAndPassword" classname="tests.NewUserTests" time="8.601"/>
  <testcase name="asUserTryToLogInWithCorrectLoginAndEmptyPasswordField" classname="tests.FailedLoginTests" time="2.806"/>
  <testcase name="asUserTryToLogInWithCorrectLoginAndEmptyPasswordField" classname="tests.FailedLoginTests" time="3.684"/>
  <testcase name="asUserTryToLogInWithCorrectLoginAndWrongPassword" classname="tests.FailedLoginTests" time="3.395"/>
  <testcase name="asUserTryToLogInWithCorrectLoginAndWrongPassword" classname="tests.FailedLoginTests" time="2.982"/>
  <testcase name="asUserTryToLogInWithEmptyEmailFieldAndEmptyPasswordField" classname="tests.FailedLoginTests" time="3.249"/>
  <testcase name="asUserTryToLogInWithEmptyEmailFieldAndEmptyPasswordField" classname="tests.FailedLoginTests" time="0.568"/>
  <testcase name="asUserTryToLogInWithEmptyEmailFieldAndPassword" classname="tests.FailedLoginTests" time="3.396"/>
  <testcase name="asUserTryToLogInWithEmptyEmailFieldAndPassword" classname="tests.FailedLoginTests" time="1.57"/>
  <testcase name="asUserTryToLogInWithIncorrectLoginAndPassword" classname="tests.FailedLoginTests" time="2.955"/>
  <testcase name="asUserTryToLogInWithIncorrectLoginAndPassword" classname="tests.FailedLoginTests" time="0.619"/>
  <testcase name="asUserTryToLogInWithInvalidEmailAndPassword" classname="tests.FailedLoginTests" time="2.898"/>
  <testcase name="asUserTryToLogInWithInvalidEmailAndPassword" classname="tests.FailedLoginTests" time="3.669"/>
  <testcase name="asUserLoginUsingValidLoginAndPassword" classname="tests.PositiveLoginTests" time="6.48"/>
  <testcase name="asUserLoginUsingValidLoginAndPassword" classname="tests.PositiveLoginTests" time="5.598"/>
</testsuite>